{
  "RSpec": {
    "coverage": {
      "/home/outstanding-firmware-8223/tic-tac-toe-rb-online-web-sp-000/lib/tic_tac_toe.rb": [
        null,
        null,
        1,
        null,
        null,
        null,
        null,
        null,
        null,
        null,
        null,
        null,
        null,
        1,
        4,
        4,
        4,
        4,
        4,
        null,
        null,
        null,
        1,
        6,
        null,
        null,
        null,
        1,
        6,
        null,
        null,
        null,
        1,
        8,
        null,
        null,
        null,
        1,
        6,
        null,
        null,
        null,
        1,
        3,
        3,
        3,
        3,
        2,
        2,
        null,
        1,
        1,
        null,
        null,
        null,
        null,
        1,
        2,
        2,
        18,
        5,
        null,
        null,
        2,
        null,
        null,
        null,
        null,
        1,
        1,
        null,
        null,
        1,
        13,
        90,
        8,
        null,
        82,
        null,
        null,
        5,
        null,
        null,
        null,
        1,
        72,
        null,
        null,
        null,
        1,
        8,
        null,
        null,
        null,
        1,
        3,
        null,
        null,
        null,
        1,
        3,
        null
      ]
    },
    "timestamp": 1584726691
  }
}
