{
  "RSpec": {
    "coverage": {
      "/home/outstanding-firmware-8223/tic-tac-toe-rb-online-web-sp-000/lib/tic_tac_toe.rb": [
        null,
        null,
        1,
        null,
        null,
        null,
        null,
        null,
        null,
        null,
        null,
        null,
        null,
        1,
        18,
        18,
        18,
        18,
        18,
        null,
        null,
        null,
        1,
        18,
        null,
        null,
        null,
        1,
        18,
        null,
        null,
        null,
        1,
        18,
        null,
        null,
        null,
        1,
        18,
        null,
        null,
        null,
        1,
        18,
        18,
        18,
        18,
        18,
        18,
        null,
        0,
        0,
        null,
        null,
        null,
        null,
        1,
        18,
        18,
        162,
        27,
        null,
        null,
        18,
        null,
        null,
        null,
        null,
        1,
        18,
        null,
        null,
        1,
        15,
        100,
        4,
        null,
        96,
        null,
        null,
        11,
        null,
        null,
        null,
        1,
        130,
        null,
        null,
        null,
        1,
        16,
        null,
        null,
        null,
        1,
        19,
        null,
        null,
        null,
        1,
        0,
        null,
        null,
        1,
        12,
        18,
        null,
        null,
        null
      ]
    },
    "timestamp": 1584727027
  }
}
